<?xml version="1.0" encoding="UTF-8"?>
<!DOCTYPE coverage SYSTEM "https://raw.githubusercontent.com/cobertura/cobertura/master/cobertura/src/site/htdocs/xml/coverage-04.dtd">
<coverage line-rate="0.526385224274406" branch-rate="0" lines-covered="1596" lines-valid="3032" branches-covered="0" branches-valid="0" complexity="0" version="3.6.4" timestamp="2025-02-22 17:49:22.054673">
  <sources>
    <source>/Users/mohamedyusuf/Documents/Projects/Consaltuncies/WHO-AFRO/poliprep</source>
  </sources>
  <packages>
    <package name="poliprep" line-rate="0.526385224274406" branch-rate="0" complexity="0">
      <classes>
        <class name="assign_round_number.R" filename="R/assign_round_number.R" line-rate="0.9375" branch-rate="0" complexity="0">
          <methods>
            <method name="assign_round_number" signature="" line-rate="0.9375" branch-rate="0" complexity="0">
              <lines>
                <line number="45" hits="2" branch="false"/>
                <line number="48" hits="2" branch="false"/>
                <line number="49" hits="2" branch="false"/>
                <line number="50" hits="2" branch="false"/>
                <line number="53" hits="2" branch="false"/>
                <line number="54" hits="0" branch="false"/>
                <line number="55" hits="0" branch="false"/>
                <line number="59" hits="2" branch="false"/>
                <line number="62" hits="2" branch="false"/>
                <line number="65" hits="2" branch="false"/>
                <line number="68" hits="2" branch="false"/>
                <line number="69" hits="2" branch="false"/>
                <line number="72" hits="2" branch="false"/>
                <line number="73" hits="2" branch="false"/>
                <line number="74" hits="2" branch="false"/>
                <line number="75" hits="2" branch="false"/>
                <line number="76" hits="2" branch="false"/>
                <line number="77" hits="2" branch="false"/>
                <line number="79" hits="2" branch="false"/>
                <line number="80" hits="2" branch="false"/>
                <line number="81" hits="2" branch="false"/>
                <line number="82" hits="2" branch="false"/>
                <line number="83" hits="2" branch="false"/>
                <line number="84" hits="2" branch="false"/>
                <line number="86" hits="2" branch="false"/>
                <line number="87" hits="2" branch="false"/>
                <line number="88" hits="2" branch="false"/>
                <line number="89" hits="2" branch="false"/>
                <line number="90" hits="2" branch="false"/>
                <line number="91" hits="2" branch="false"/>
                <line number="92" hits="2" branch="false"/>
                <line number="94" hits="2" branch="false"/>
              </lines>
            </method>
          </methods>
          <lines>
            <line number="45" hits="2" branch="false"/>
            <line number="48" hits="2" branch="false"/>
            <line number="49" hits="2" branch="false"/>
            <line number="50" hits="2" branch="false"/>
            <line number="53" hits="2" branch="false"/>
            <line number="54" hits="0" branch="false"/>
            <line number="55" hits="0" branch="false"/>
            <line number="59" hits="2" branch="false"/>
            <line number="62" hits="2" branch="false"/>
            <line number="65" hits="2" branch="false"/>
            <line number="68" hits="2" branch="false"/>
            <line number="69" hits="2" branch="false"/>
            <line number="72" hits="2" branch="false"/>
            <line number="73" hits="2" branch="false"/>
            <line number="74" hits="2" branch="false"/>
            <line number="75" hits="2" branch="false"/>
            <line number="76" hits="2" branch="false"/>
            <line number="77" hits="2" branch="false"/>
            <line number="79" hits="2" branch="false"/>
            <line number="80" hits="2" branch="false"/>
            <line number="81" hits="2" branch="false"/>
            <line number="82" hits="2" branch="false"/>
            <line number="83" hits="2" branch="false"/>
            <line number="84" hits="2" branch="false"/>
            <line number="86" hits="2" branch="false"/>
            <line number="87" hits="2" branch="false"/>
            <line number="88" hits="2" branch="false"/>
            <line number="89" hits="2" branch="false"/>
            <line number="90" hits="2" branch="false"/>
            <line number="91" hits="2" branch="false"/>
            <line number="92" hits="2" branch="false"/>
            <line number="94" hits="2" branch="false"/>
          </lines>
        </class>
        <class name="categorize_biannual.R" filename="R/categorize_biannual.R" line-rate="1" branch-rate="0" complexity="0">
          <methods>
            <method name="categorize_biannual" signature="" line-rate="1" branch-rate="0" complexity="0">
              <lines>
                <line number="24" hits="1" branch="false"/>
                <line number="25" hits="1" branch="false"/>
                <line number="26" hits="1" branch="false"/>
                <line number="29" hits="1" branch="false"/>
                <line number="30" hits="1" branch="false"/>
                <line number="31" hits="1" branch="false"/>
                <line number="32" hits="1" branch="false"/>
                <line number="35" hits="1" branch="false"/>
                <line number="36" hits="1" branch="false"/>
                <line number="37" hits="1" branch="false"/>
                <line number="39" hits="1" branch="false"/>
                <line number="40" hits="1" branch="false"/>
                <line number="41" hits="1" branch="false"/>
                <line number="42" hits="1" branch="false"/>
                <line number="43" hits="1" branch="false"/>
                <line number="44" hits="1" branch="false"/>
                <line number="45" hits="1" branch="false"/>
                <line number="46" hits="1" branch="false"/>
                <line number="47" hits="1" branch="false"/>
                <line number="48" hits="1" branch="false"/>
                <line number="51" hits="1" branch="false"/>
                <line number="52" hits="1" branch="false"/>
                <line number="53" hits="1" branch="false"/>
                <line number="54" hits="1" branch="false"/>
                <line number="55" hits="1" branch="false"/>
                <line number="56" hits="1" branch="false"/>
                <line number="57" hits="1" branch="false"/>
                <line number="58" hits="1" branch="false"/>
                <line number="59" hits="1" branch="false"/>
                <line number="60" hits="1" branch="false"/>
                <line number="63" hits="1" branch="false"/>
                <line number="64" hits="1" branch="false"/>
                <line number="65" hits="1" branch="false"/>
                <line number="66" hits="1" branch="false"/>
                <line number="67" hits="1" branch="false"/>
                <line number="68" hits="1" branch="false"/>
                <line number="69" hits="1" branch="false"/>
                <line number="72" hits="1" branch="false"/>
                <line number="73" hits="1" branch="false"/>
                <line number="74" hits="1" branch="false"/>
                <line number="75" hits="1" branch="false"/>
                <line number="77" hits="1" branch="false"/>
                <line number="78" hits="1" branch="false"/>
                <line number="80" hits="1" branch="false"/>
              </lines>
            </method>
          </methods>
          <lines>
            <line number="24" hits="1" branch="false"/>
            <line number="25" hits="1" branch="false"/>
            <line number="26" hits="1" branch="false"/>
            <line number="29" hits="1" branch="false"/>
            <line number="30" hits="1" branch="false"/>
            <line number="31" hits="1" branch="false"/>
            <line number="32" hits="1" branch="false"/>
            <line number="35" hits="1" branch="false"/>
            <line number="36" hits="1" branch="false"/>
            <line number="37" hits="1" branch="false"/>
            <line number="39" hits="1" branch="false"/>
            <line number="40" hits="1" branch="false"/>
            <line number="41" hits="1" branch="false"/>
            <line number="42" hits="1" branch="false"/>
            <line number="43" hits="1" branch="false"/>
            <line number="44" hits="1" branch="false"/>
            <line number="45" hits="1" branch="false"/>
            <line number="46" hits="1" branch="false"/>
            <line number="47" hits="1" branch="false"/>
            <line number="48" hits="1" branch="false"/>
            <line number="51" hits="1" branch="false"/>
            <line number="52" hits="1" branch="false"/>
            <line number="53" hits="1" branch="false"/>
            <line number="54" hits="1" branch="false"/>
            <line number="55" hits="1" branch="false"/>
            <line number="56" hits="1" branch="false"/>
            <line number="57" hits="1" branch="false"/>
            <line number="58" hits="1" branch="false"/>
            <line number="59" hits="1" branch="false"/>
            <line number="60" hits="1" branch="false"/>
            <line number="63" hits="1" branch="false"/>
            <line number="64" hits="1" branch="false"/>
            <line number="65" hits="1" branch="false"/>
            <line number="66" hits="1" branch="false"/>
            <line number="67" hits="1" branch="false"/>
            <line number="68" hits="1" branch="false"/>
            <line number="69" hits="1" branch="false"/>
            <line number="72" hits="1" branch="false"/>
            <line number="73" hits="1" branch="false"/>
            <line number="74" hits="1" branch="false"/>
            <line number="75" hits="1" branch="false"/>
            <line number="77" hits="1" branch="false"/>
            <line number="78" hits="1" branch="false"/>
            <line number="80" hits="1" branch="false"/>
          </lines>
        </class>
        <class name="compress_png_files.R" filename="R/compress_png_files.R" line-rate="0" branch-rate="0" complexity="0">
          <methods>
            <method name="compress_png_files" signature="" line-rate="0" branch-rate="0" complexity="0">
              <lines>
                <line number="15" hits="0" branch="false"/>
                <line number="16" hits="0" branch="false"/>
                <line number="18" hits="0" branch="false"/>
                <line number="19" hits="0" branch="false"/>
                <line number="20" hits="0" branch="false"/>
                <line number="21" hits="0" branch="false"/>
                <line number="22" hits="0" branch="false"/>
                <line number="24" hits="0" branch="false"/>
                <line number="25" hits="0" branch="false"/>
                <line number="27" hits="0" branch="false"/>
                <line number="28" hits="0" branch="false"/>
                <line number="30" hits="0" branch="false"/>
                <line number="31" hits="0" branch="false"/>
                <line number="32" hits="0" branch="false"/>
                <line number="35" hits="0" branch="false"/>
                <line number="39" hits="0" branch="false"/>
                <line number="40" hits="0" branch="false"/>
                <line number="43" hits="0" branch="false"/>
                <line number="44" hits="0" branch="false"/>
                <line number="45" hits="0" branch="false"/>
                <line number="46" hits="0" branch="false"/>
                <line number="47" hits="0" branch="false"/>
                <line number="50" hits="0" branch="false"/>
                <line number="53" hits="0" branch="false"/>
                <line number="54" hits="0" branch="false"/>
                <line number="56" hits="0" branch="false"/>
                <line number="57" hits="0" branch="false"/>
                <line number="59" hits="0" branch="false"/>
                <line number="62" hits="0" branch="false"/>
                <line number="63" hits="0" branch="false"/>
                <line number="64" hits="0" branch="false"/>
                <line number="65" hits="0" branch="false"/>
                <line number="66" hits="0" branch="false"/>
              </lines>
            </method>
          </methods>
          <lines>
            <line number="15" hits="0" branch="false"/>
            <line number="16" hits="0" branch="false"/>
            <line number="18" hits="0" branch="false"/>
            <line number="19" hits="0" branch="false"/>
            <line number="20" hits="0" branch="false"/>
            <line number="21" hits="0" branch="false"/>
            <line number="22" hits="0" branch="false"/>
            <line number="24" hits="0" branch="false"/>
            <line number="25" hits="0" branch="false"/>
            <line number="27" hits="0" branch="false"/>
            <line number="28" hits="0" branch="false"/>
            <line number="30" hits="0" branch="false"/>
            <line number="31" hits="0" branch="false"/>
            <line number="32" hits="0" branch="false"/>
            <line number="35" hits="0" branch="false"/>
            <line number="39" hits="0" branch="false"/>
            <line number="40" hits="0" branch="false"/>
            <line number="43" hits="0" branch="false"/>
            <line number="44" hits="0" branch="false"/>
            <line number="45" hits="0" branch="false"/>
            <line number="46" hits="0" branch="false"/>
            <line number="47" hits="0" branch="false"/>
            <line number="50" hits="0" branch="false"/>
            <line number="53" hits="0" branch="false"/>
            <line number="54" hits="0" branch="false"/>
            <line number="56" hits="0" branch="false"/>
            <line number="57" hits="0" branch="false"/>
            <line number="59" hits="0" branch="false"/>
            <line number="62" hits="0" branch="false"/>
            <line number="63" hits="0" branch="false"/>
            <line number="64" hits="0" branch="false"/>
            <line number="65" hits="0" branch="false"/>
            <line number="66" hits="0" branch="false"/>
          </lines>
        </class>
        <class name="detect_date_format.R" filename="R/detect_date_format.R" line-rate="1" branch-rate="0" complexity="0">
          <methods>
            <method name="detect_date_format" signature="" line-rate="1" branch-rate="0" complexity="0">
              <lines>
                <line number="27" hits="7" branch="false"/>
                <line number="28" hits="6" branch="false"/>
                <line number="29" hits="6" branch="false"/>
                <line number="30" hits="6" branch="false"/>
                <line number="31" hits="6" branch="false"/>
                <line number="32" hits="6" branch="false"/>
                <line number="33" hits="6" branch="false"/>
                <line number="34" hits="6" branch="false"/>
                <line number="35" hits="6" branch="false"/>
                <line number="36" hits="6" branch="false"/>
                <line number="37" hits="6" branch="false"/>
                <line number="38" hits="6" branch="false"/>
                <line number="42" hits="7" branch="false"/>
                <line number="43" hits="7" branch="false"/>
                <line number="44" hits="7" branch="false"/>
                <line number="45" hits="7" branch="false"/>
                <line number="46" hits="7" branch="false"/>
                <line number="49" hits="7" branch="false"/>
                <line number="50" hits="6" branch="false"/>
                <line number="52" hits="1" branch="false"/>
              </lines>
            </method>
          </methods>
          <lines>
            <line number="27" hits="7" branch="false"/>
            <line number="28" hits="6" branch="false"/>
            <line number="29" hits="6" branch="false"/>
            <line number="30" hits="6" branch="false"/>
            <line number="31" hits="6" branch="false"/>
            <line number="32" hits="6" branch="false"/>
            <line number="33" hits="6" branch="false"/>
            <line number="34" hits="6" branch="false"/>
            <line number="35" hits="6" branch="false"/>
            <line number="36" hits="6" branch="false"/>
            <line number="37" hits="6" branch="false"/>
            <line number="38" hits="6" branch="false"/>
            <line number="42" hits="7" branch="false"/>
            <line number="43" hits="7" branch="false"/>
            <line number="44" hits="7" branch="false"/>
            <line number="45" hits="7" branch="false"/>
            <line number="46" hits="7" branch="false"/>
            <line number="49" hits="7" branch="false"/>
            <line number="50" hits="6" branch="false"/>
            <line number="52" hits="1" branch="false"/>
          </lines>
        </class>
        <class name="find_nearest_coord.R" filename="R/find_nearest_coord.R" line-rate="0.941176470588235" branch-rate="0" complexity="0">
          <methods>
            <method name="find_nearest_coord" signature="" line-rate="0.941176470588235" branch-rate="0" complexity="0">
              <lines>
                <line number="28" hits="1" branch="false"/>
                <line number="29" hits="0" branch="false"/>
                <line number="32" hits="1" branch="false"/>
                <line number="33" hits="1" branch="false"/>
                <line number="34" hits="1" branch="false"/>
                <line number="35" hits="1" branch="false"/>
                <line number="36" hits="1" branch="false"/>
                <line number="37" hits="1" branch="false"/>
                <line number="38" hits="1" branch="false"/>
                <line number="39" hits="1" branch="false"/>
                <line number="40" hits="1" branch="false"/>
                <line number="41" hits="1" branch="false"/>
                <line number="43" hits="1" branch="false"/>
                <line number="44" hits="1" branch="false"/>
                <line number="46" hits="1" branch="false"/>
                <line number="47" hits="1" branch="false"/>
                <line number="49" hits="1" branch="false"/>
              </lines>
            </method>
          </methods>
          <lines>
            <line number="28" hits="1" branch="false"/>
            <line number="29" hits="0" branch="false"/>
            <line number="32" hits="1" branch="false"/>
            <line number="33" hits="1" branch="false"/>
            <line number="34" hits="1" branch="false"/>
            <line number="35" hits="1" branch="false"/>
            <line number="36" hits="1" branch="false"/>
            <line number="37" hits="1" branch="false"/>
            <line number="38" hits="1" branch="false"/>
            <line number="39" hits="1" branch="false"/>
            <line number="40" hits="1" branch="false"/>
            <line number="41" hits="1" branch="false"/>
            <line number="43" hits="1" branch="false"/>
            <line number="44" hits="1" branch="false"/>
            <line number="46" hits="1" branch="false"/>
            <line number="47" hits="1" branch="false"/>
            <line number="49" hits="1" branch="false"/>
          </lines>
        </class>
        <class name="get_polis.R" filename="R/get_polis.R" line-rate="0.484429065743945" branch-rate="0" complexity="0">
          <methods>
            <method name="extract_entity_sets" signature="" line-rate="0" branch-rate="0" complexity="0">
              <lines>
                <line number="27" hits="0" branch="false"/>
                <line number="28" hits="0" branch="false"/>
                <line number="29" hits="0" branch="false"/>
                <line number="32" hits="0" branch="false"/>
                <line number="35" hits="0" branch="false"/>
                <line number="36" hits="0" branch="false"/>
                <line number="39" hits="0" branch="false"/>
                <line number="40" hits="0" branch="false"/>
                <line number="41" hits="0" branch="false"/>
                <line number="42" hits="0" branch="false"/>
                <line number="43" hits="0" branch="false"/>
                <line number="44" hits="0" branch="false"/>
                <line number="45" hits="0" branch="false"/>
                <line number="46" hits="0" branch="false"/>
              </lines>
            </method>
            <method name="get_status_code" signature="" line-rate="0" branch-rate="0" complexity="0">
              <lines>
                <line number="68" hits="0" branch="false"/>
                <line number="69" hits="0" branch="false"/>
                <line number="70" hits="0" branch="false"/>
                <line number="71" hits="0" branch="false"/>
                <line number="72" hits="0" branch="false"/>
                <line number="73" hits="0" branch="false"/>
                <line number="74" hits="0" branch="false"/>
                <line number="75" hits="0" branch="false"/>
                <line number="76" hits="0" branch="false"/>
                <line number="77" hits="0" branch="false"/>
                <line number="78" hits="0" branch="false"/>
                <line number="79" hits="0" branch="false"/>
                <line number="80" hits="0" branch="false"/>
                <line number="81" hits="0" branch="false"/>
                <line number="82" hits="0" branch="false"/>
              </lines>
            </method>
            <method name="check_tables_availability" signature="" line-rate="0" branch-rate="0" complexity="0">
              <lines>
                <line number="116" hits="0" branch="false"/>
                <line number="117" hits="0" branch="false"/>
                <line number="119" hits="0" branch="false"/>
                <line number="120" hits="0" branch="false"/>
                <line number="123" hits="0" branch="false"/>
                <line number="125" hits="0" branch="false"/>
                <line number="127" hits="0" branch="false"/>
                <line number="130" hits="0" branch="false"/>
                <line number="131" hits="0" branch="false"/>
                <line number="132" hits="0" branch="false"/>
                <line number="133" hits="0" branch="false"/>
                <line number="134" hits="0" branch="false"/>
                <line number="135" hits="0" branch="false"/>
                <line number="136" hits="0" branch="false"/>
                <line number="141" hits="0" branch="false"/>
                <line number="142" hits="0" branch="false"/>
                <line number="145" hits="0" branch="false"/>
                <line number="146" hits="0" branch="false"/>
                <line number="147" hits="0" branch="false"/>
                <line number="148" hits="0" branch="false"/>
                <line number="149" hits="0" branch="false"/>
                <line number="150" hits="0" branch="false"/>
                <line number="152" hits="0" branch="false"/>
                <line number="153" hits="0" branch="false"/>
                <line number="154" hits="0" branch="false"/>
              </lines>
            </method>
            <method name="construct_api_url" signature="" line-rate="0.916666666666667" branch-rate="0" complexity="0">
              <lines>
                <line number="194" hits="3" branch="false"/>
                <line number="197" hits="3" branch="false"/>
                <line number="198" hits="3" branch="false"/>
                <line number="199" hits="3" branch="false"/>
                <line number="200" hits="3" branch="false"/>
                <line number="203" hits="3" branch="false"/>
                <line number="204" hits="3" branch="false"/>
                <line number="205" hits="3" branch="false"/>
                <line number="206" hits="3" branch="false"/>
                <line number="210" hits="3" branch="false"/>
                <line number="211" hits="3" branch="false"/>
                <line number="212" hits="0" branch="false"/>
                <line number="213" hits="0" branch="false"/>
                <line number="217" hits="3" branch="false"/>
                <line number="218" hits="3" branch="false"/>
                <line number="221" hits="3" branch="false"/>
                <line number="222" hits="3" branch="false"/>
                <line number="223" hits="1" branch="false"/>
                <line number="227" hits="3" branch="false"/>
                <line number="228" hits="3" branch="false"/>
                <line number="229" hits="1" branch="false"/>
                <line number="231" hits="2" branch="false"/>
                <line number="235" hits="3" branch="false"/>
                <line number="237" hits="3" branch="false"/>
              </lines>
            </method>
            <method name="get_api_date_suffix" signature="" line-rate="1" branch-rate="0" complexity="0">
              <lines>
                <line number="266" hits="7" branch="false"/>
                <line number="267" hits="7" branch="false"/>
                <line number="268" hits="7" branch="false"/>
                <line number="269" hits="7" branch="false"/>
                <line number="270" hits="7" branch="false"/>
                <line number="271" hits="7" branch="false"/>
                <line number="272" hits="7" branch="false"/>
                <line number="273" hits="7" branch="false"/>
                <line number="274" hits="7" branch="false"/>
                <line number="275" hits="7" branch="false"/>
                <line number="279" hits="7" branch="false"/>
                <line number="280" hits="7" branch="false"/>
                <line number="281" hits="7" branch="false"/>
                <line number="282" hits="7" branch="false"/>
                <line number="283" hits="7" branch="false"/>
                <line number="284" hits="7" branch="false"/>
                <line number="285" hits="7" branch="false"/>
                <line number="286" hits="7" branch="false"/>
                <line number="287" hits="7" branch="false"/>
                <line number="288" hits="7" branch="false"/>
                <line number="289" hits="7" branch="false"/>
                <line number="290" hits="7" branch="false"/>
                <line number="291" hits="7" branch="false"/>
                <line number="292" hits="7" branch="false"/>
                <line number="293" hits="7" branch="false"/>
                <line number="297" hits="7" branch="false"/>
                <line number="298" hits="7" branch="false"/>
                <line number="299" hits="7" branch="false"/>
                <line number="300" hits="7" branch="false"/>
                <line number="301" hits="7" branch="false"/>
                <line number="302" hits="7" branch="false"/>
                <line number="303" hits="7" branch="false"/>
                <line number="304" hits="7" branch="false"/>
                <line number="305" hits="7" branch="false"/>
                <line number="306" hits="7" branch="false"/>
                <line number="307" hits="7" branch="false"/>
                <line number="310" hits="7" branch="false"/>
                <line number="311" hits="1" branch="false"/>
                <line number="315" hits="6" branch="false"/>
                <line number="316" hits="6" branch="false"/>
                <line number="317" hits="6" branch="false"/>
                <line number="318" hits="6" branch="false"/>
                <line number="319" hits="6" branch="false"/>
              </lines>
            </method>
            <method name="get_polis_api_data" signature="" line-rate="0.416666666666667" branch-rate="0" complexity="0">
              <lines>
                <line number="385" hits="1" branch="false"/>
                <line number="386" hits="1" branch="false"/>
                <line number="389" hits="1" branch="false"/>
                <line number="390" hits="0" branch="false"/>
                <line number="392" hits="1" branch="false"/>
                <line number="396" hits="1" branch="false"/>
                <line number="397" hits="0" branch="false"/>
                <line number="399" hits="1" branch="false"/>
                <line number="401" hits="1" branch="false"/>
                <line number="405" hits="1" branch="false"/>
                <line number="406" hits="1" branch="false"/>
                <line number="407" hits="1" branch="false"/>
                <line number="408" hits="1" branch="false"/>
                <line number="411" hits="1" branch="false"/>
                <line number="414" hits="1" branch="false"/>
                <line number="417" hits="1" branch="false"/>
                <line number="420" hits="0" branch="false"/>
                <line number="421" hits="0" branch="false"/>
                <line number="422" hits="0" branch="false"/>
                <line number="426" hits="0" branch="false"/>
                <line number="429" hits="0" branch="false"/>
                <line number="430" hits="0" branch="false"/>
                <line number="431" hits="0" branch="false"/>
                <line number="432" hits="0" branch="false"/>
                <line number="433" hits="0" branch="false"/>
                <line number="434" hits="0" branch="false"/>
                <line number="435" hits="0" branch="false"/>
                <line number="436" hits="0" branch="false"/>
                <line number="437" hits="0" branch="false"/>
                <line number="438" hits="0" branch="false"/>
                <line number="440" hits="0" branch="false"/>
                <line number="441" hits="0" branch="false"/>
                <line number="442" hits="0" branch="false"/>
                <line number="444" hits="0" branch="false"/>
                <line number="448" hits="0" branch="false"/>
                <line number="452" hits="1" branch="false"/>
              </lines>
            </method>
            <method name="iterative_api_call" signature="" line-rate="0.961538461538462" branch-rate="0" complexity="0">
              <lines>
                <line number="481" hits="2" branch="false"/>
                <line number="482" hits="2" branch="false"/>
                <line number="483" hits="2" branch="false"/>
                <line number="484" hits="2" branch="false"/>
                <line number="487" hits="2" branch="false"/>
                <line number="488" hits="2" branch="false"/>
                <line number="489" hits="2" branch="false"/>
                <line number="492" hits="2" branch="false"/>
                <line number="493" hits="2" branch="false"/>
                <line number="494" hits="2" branch="false"/>
                <line number="497" hits="2" branch="false"/>
                <line number="498" hits="2" branch="false"/>
                <line number="499" hits="2" branch="false"/>
                <line number="500" hits="2" branch="false"/>
                <line number="501" hits="2" branch="false"/>
                <line number="502" hits="2" branch="false"/>
                <line number="503" hits="2" branch="false"/>
                <line number="504" hits="0" branch="false"/>
                <line number="505" hits="2" branch="false"/>
                <line number="506" hits="2" branch="false"/>
                <line number="507" hits="2" branch="false"/>
                <line number="508" hits="2" branch="false"/>
                <line number="509" hits="2" branch="false"/>
                <line number="510" hits="2" branch="false"/>
                <line number="511" hits="2" branch="false"/>
                <line number="512" hits="2" branch="false"/>
              </lines>
            </method>
            <method name="process_api_response" signature="" line-rate="1" branch-rate="0" complexity="0">
              <lines>
                <line number="537" hits="1" branch="false"/>
                <line number="538" hits="1" branch="false"/>
                <line number="539" hits="1" branch="false"/>
                <line number="541" hits="1" branch="false"/>
              </lines>
            </method>
            <method name="save_polis_data" signature="" line-rate="0" branch-rate="0" complexity="0">
              <lines>
                <line number="570" hits="0" branch="false"/>
                <line number="573" hits="0" branch="false"/>
                <line number="574" hits="0" branch="false"/>
                <line number="575" hits="0" branch="false"/>
                <line number="578" hits="0" branch="false"/>
                <line number="580" hits="0" branch="false"/>
                <line number="583" hits="0" branch="false"/>
                <line number="584" hits="0" branch="false"/>
                <line number="587" hits="0" branch="false"/>
                <line number="588" hits="0" branch="false"/>
                <line number="591" hits="0" branch="false"/>
                <line number="592" hits="0" branch="false"/>
                <line number="594" hits="0" branch="false"/>
                <line number="596" hits="0" branch="false"/>
                <line number="597" hits="0" branch="false"/>
                <line number="598" hits="0" branch="false"/>
                <line number="600" hits="0" branch="false"/>
                <line number="601" hits="0" branch="false"/>
                <line number="603" hits="0" branch="false"/>
                <line number="604" hits="0" branch="false"/>
                <line number="606" hits="0" branch="false"/>
                <line number="608" hits="0" branch="false"/>
              </lines>
            </method>
            <method name="update_polis_api_data" signature="" line-rate="0.63265306122449" branch-rate="0" complexity="0">
              <lines>
                <line number="672" hits="1" branch="false"/>
                <line number="673" hits="1" branch="false"/>
                <line number="676" hits="1" branch="false"/>
                <line number="679" hits="1" branch="false"/>
                <line number="680" hits="1" branch="false"/>
                <line number="681" hits="1" branch="false"/>
                <line number="682" hits="1" branch="false"/>
                <line number="683" hits="1" branch="false"/>
                <line number="684" hits="1" branch="false"/>
                <line number="686" hits="0" branch="false"/>
                <line number="687" hits="0" branch="false"/>
                <line number="692" hits="1" branch="false"/>
                <line number="695" hits="1" branch="false"/>
                <line number="696" hits="1" branch="false"/>
                <line number="697" hits="1" branch="false"/>
                <line number="698" hits="1" branch="false"/>
                <line number="699" hits="1" branch="false"/>
                <line number="700" hits="1" branch="false"/>
                <line number="703" hits="1" branch="false"/>
                <line number="704" hits="1" branch="false"/>
                <line number="708" hits="1" branch="false"/>
                <line number="709" hits="1" branch="false"/>
                <line number="710" hits="1" branch="false"/>
                <line number="711" hits="1" branch="false"/>
                <line number="712" hits="1" branch="false"/>
                <line number="713" hits="1" branch="false"/>
                <line number="714" hits="1" branch="false"/>
                <line number="716" hits="1" branch="false"/>
                <line number="717" hits="0" branch="false"/>
                <line number="718" hits="0" branch="false"/>
                <line number="719" hits="0" branch="false"/>
                <line number="720" hits="0" branch="false"/>
                <line number="723" hits="1" branch="false"/>
                <line number="725" hits="1" branch="false"/>
                <line number="726" hits="0" branch="false"/>
                <line number="728" hits="0" branch="false"/>
                <line number="729" hits="0" branch="false"/>
                <line number="730" hits="0" branch="false"/>
                <line number="731" hits="0" branch="false"/>
                <line number="732" hits="0" branch="false"/>
                <line number="733" hits="1" branch="false"/>
                <line number="734" hits="0" branch="false"/>
                <line number="735" hits="0" branch="false"/>
                <line number="736" hits="0" branch="false"/>
                <line number="737" hits="0" branch="false"/>
                <line number="738" hits="0" branch="false"/>
                <line number="743" hits="1" branch="false"/>
                <line number="744" hits="0" branch="false"/>
                <line number="746" hits="1" branch="false"/>
              </lines>
            </method>
            <method name="write_log_file_api" signature="" line-rate="0" branch-rate="0" complexity="0">
              <lines>
                <line number="797" hits="0" branch="false"/>
                <line number="798" hits="0" branch="false"/>
                <line number="799" hits="0" branch="false"/>
                <line number="800" hits="0" branch="false"/>
                <line number="801" hits="0" branch="false"/>
                <line number="802" hits="0" branch="false"/>
                <line number="803" hits="0" branch="false"/>
                <line number="804" hits="0" branch="false"/>
                <line number="805" hits="0" branch="false"/>
                <line number="806" hits="0" branch="false"/>
                <line number="807" hits="0" branch="false"/>
                <line number="808" hits="0" branch="false"/>
                <line number="811" hits="0" branch="false"/>
                <line number="812" hits="0" branch="false"/>
                <line number="813" hits="0" branch="false"/>
                <line number="815" hits="0" branch="false"/>
                <line number="819" hits="0" branch="false"/>
                <line number="820" hits="0" branch="false"/>
                <line number="821" hits="0" branch="false"/>
                <line number="822" hits="0" branch="false"/>
                <line number="823" hits="0" branch="false"/>
                <line number="824" hits="0" branch="false"/>
                <line number="825" hits="0" branch="false"/>
                <line number="826" hits="0" branch="false"/>
                <line number="827" hits="0" branch="false"/>
                <line number="828" hits="0" branch="false"/>
                <line number="829" hits="0" branch="false"/>
                <line number="830" hits="0" branch="false"/>
                <line number="831" hits="0" branch="false"/>
                <line number="832" hits="0" branch="false"/>
                <line number="835" hits="0" branch="false"/>
              </lines>
            </method>
          </methods>
          <lines>
            <line number="27" hits="0" branch="false"/>
            <line number="28" hits="0" branch="false"/>
            <line number="29" hits="0" branch="false"/>
            <line number="32" hits="0" branch="false"/>
            <line number="35" hits="0" branch="false"/>
            <line number="36" hits="0" branch="false"/>
            <line number="39" hits="0" branch="false"/>
            <line number="40" hits="0" branch="false"/>
            <line number="41" hits="0" branch="false"/>
            <line number="42" hits="0" branch="false"/>
            <line number="43" hits="0" branch="false"/>
            <line number="44" hits="0" branch="false"/>
            <line number="45" hits="0" branch="false"/>
            <line number="46" hits="0" branch="false"/>
            <line number="68" hits="0" branch="false"/>
            <line number="69" hits="0" branch="false"/>
            <line number="70" hits="0" branch="false"/>
            <line number="71" hits="0" branch="false"/>
            <line number="72" hits="0" branch="false"/>
            <line number="73" hits="0" branch="false"/>
            <line number="74" hits="0" branch="false"/>
            <line number="75" hits="0" branch="false"/>
            <line number="76" hits="0" branch="false"/>
            <line number="77" hits="0" branch="false"/>
            <line number="78" hits="0" branch="false"/>
            <line number="79" hits="0" branch="false"/>
            <line number="80" hits="0" branch="false"/>
            <line number="81" hits="0" branch="false"/>
            <line number="82" hits="0" branch="false"/>
            <line number="116" hits="0" branch="false"/>
            <line number="117" hits="0" branch="false"/>
            <line number="119" hits="0" branch="false"/>
            <line number="120" hits="0" branch="false"/>
            <line number="123" hits="0" branch="false"/>
            <line number="125" hits="0" branch="false"/>
            <line number="127" hits="0" branch="false"/>
            <line number="130" hits="0" branch="false"/>
            <line number="131" hits="0" branch="false"/>
            <line number="132" hits="0" branch="false"/>
            <line number="133" hits="0" branch="false"/>
            <line number="134" hits="0" branch="false"/>
            <line number="135" hits="0" branch="false"/>
            <line number="136" hits="0" branch="false"/>
            <line number="141" hits="0" branch="false"/>
            <line number="142" hits="0" branch="false"/>
            <line number="145" hits="0" branch="false"/>
            <line number="146" hits="0" branch="false"/>
            <line number="147" hits="0" branch="false"/>
            <line number="148" hits="0" branch="false"/>
            <line number="149" hits="0" branch="false"/>
            <line number="150" hits="0" branch="false"/>
            <line number="152" hits="0" branch="false"/>
            <line number="153" hits="0" branch="false"/>
            <line number="154" hits="0" branch="false"/>
            <line number="194" hits="3" branch="false"/>
            <line number="197" hits="3" branch="false"/>
            <line number="198" hits="3" branch="false"/>
            <line number="199" hits="3" branch="false"/>
            <line number="200" hits="3" branch="false"/>
            <line number="203" hits="3" branch="false"/>
            <line number="204" hits="3" branch="false"/>
            <line number="205" hits="3" branch="false"/>
            <line number="206" hits="3" branch="false"/>
            <line number="210" hits="3" branch="false"/>
            <line number="211" hits="3" branch="false"/>
            <line number="212" hits="0" branch="false"/>
            <line number="213" hits="0" branch="false"/>
            <line number="217" hits="3" branch="false"/>
            <line number="218" hits="3" branch="false"/>
            <line number="221" hits="3" branch="false"/>
            <line number="222" hits="3" branch="false"/>
            <line number="223" hits="1" branch="false"/>
            <line number="227" hits="3" branch="false"/>
            <line number="228" hits="3" branch="false"/>
            <line number="229" hits="1" branch="false"/>
            <line number="231" hits="2" branch="false"/>
            <line number="235" hits="3" branch="false"/>
            <line number="237" hits="3" branch="false"/>
            <line number="266" hits="7" branch="false"/>
            <line number="267" hits="7" branch="false"/>
            <line number="268" hits="7" branch="false"/>
            <line number="269" hits="7" branch="false"/>
            <line number="270" hits="7" branch="false"/>
            <line number="271" hits="7" branch="false"/>
            <line number="272" hits="7" branch="false"/>
            <line number="273" hits="7" branch="false"/>
            <line number="274" hits="7" branch="false"/>
            <line number="275" hits="7" branch="false"/>
            <line number="279" hits="7" branch="false"/>
            <line number="280" hits="7" branch="false"/>
            <line number="281" hits="7" branch="false"/>
            <line number="282" hits="7" branch="false"/>
            <line number="283" hits="7" branch="false"/>
            <line number="284" hits="7" branch="false"/>
            <line number="285" hits="7" branch="false"/>
            <line number="286" hits="7" branch="false"/>
            <line number="287" hits="7" branch="false"/>
            <line number="288" hits="7" branch="false"/>
            <line number="289" hits="7" branch="false"/>
            <line number="290" hits="7" branch="false"/>
            <line number="291" hits="7" branch="false"/>
            <line number="292" hits="7" branch="false"/>
            <line number="293" hits="7" branch="false"/>
            <line number="297" hits="7" branch="false"/>
            <line number="298" hits="7" branch="false"/>
            <line number="299" hits="7" branch="false"/>
            <line number="300" hits="7" branch="false"/>
            <line number="301" hits="7" branch="false"/>
            <line number="302" hits="7" branch="false"/>
            <line number="303" hits="7" branch="false"/>
            <line number="304" hits="7" branch="false"/>
            <line number="305" hits="7" branch="false"/>
            <line number="306" hits="7" branch="false"/>
            <line number="307" hits="7" branch="false"/>
            <line number="310" hits="7" branch="false"/>
            <line number="311" hits="1" branch="false"/>
            <line number="315" hits="6" branch="false"/>
            <line number="316" hits="6" branch="false"/>
            <line number="317" hits="6" branch="false"/>
            <line number="318" hits="6" branch="false"/>
            <line number="319" hits="6" branch="false"/>
            <line number="385" hits="1" branch="false"/>
            <line number="386" hits="1" branch="false"/>
            <line number="389" hits="1" branch="false"/>
            <line number="390" hits="0" branch="false"/>
            <line number="392" hits="1" branch="false"/>
            <line number="396" hits="1" branch="false"/>
            <line number="397" hits="0" branch="false"/>
            <line number="399" hits="1" branch="false"/>
            <line number="401" hits="1" branch="false"/>
            <line number="405" hits="1" branch="false"/>
            <line number="406" hits="1" branch="false"/>
            <line number="407" hits="1" branch="false"/>
            <line number="408" hits="1" branch="false"/>
            <line number="411" hits="1" branch="false"/>
            <line number="414" hits="1" branch="false"/>
            <line number="417" hits="1" branch="false"/>
            <line number="420" hits="0" branch="false"/>
            <line number="421" hits="0" branch="false"/>
            <line number="422" hits="0" branch="false"/>
            <line number="426" hits="0" branch="false"/>
            <line number="429" hits="0" branch="false"/>
            <line number="430" hits="0" branch="false"/>
            <line number="431" hits="0" branch="false"/>
            <line number="432" hits="0" branch="false"/>
            <line number="433" hits="0" branch="false"/>
            <line number="434" hits="0" branch="false"/>
            <line number="435" hits="0" branch="false"/>
            <line number="436" hits="0" branch="false"/>
            <line number="437" hits="0" branch="false"/>
            <line number="438" hits="0" branch="false"/>
            <line number="440" hits="0" branch="false"/>
            <line number="441" hits="0" branch="false"/>
            <line number="442" hits="0" branch="false"/>
            <line number="444" hits="0" branch="false"/>
            <line number="448" hits="0" branch="false"/>
            <line number="452" hits="1" branch="false"/>
            <line number="481" hits="2" branch="false"/>
            <line number="482" hits="2" branch="false"/>
            <line number="483" hits="2" branch="false"/>
            <line number="484" hits="2" branch="false"/>
            <line number="487" hits="2" branch="false"/>
            <line number="488" hits="2" branch="false"/>
            <line number="489" hits="2" branch="false"/>
            <line number="492" hits="2" branch="false"/>
            <line number="493" hits="2" branch="false"/>
            <line number="494" hits="2" branch="false"/>
            <line number="497" hits="2" branch="false"/>
            <line number="498" hits="2" branch="false"/>
            <line number="499" hits="2" branch="false"/>
            <line number="500" hits="2" branch="false"/>
            <line number="501" hits="2" branch="false"/>
            <line number="502" hits="2" branch="false"/>
            <line number="503" hits="2" branch="false"/>
            <line number="504" hits="0" branch="false"/>
            <line number="505" hits="2" branch="false"/>
            <line number="506" hits="2" branch="false"/>
            <line number="507" hits="2" branch="false"/>
            <line number="508" hits="2" branch="false"/>
            <line number="509" hits="2" branch="false"/>
            <line number="510" hits="2" branch="false"/>
            <line number="511" hits="2" branch="false"/>
            <line number="512" hits="2" branch="false"/>
            <line number="537" hits="1" branch="false"/>
            <line number="538" hits="1" branch="false"/>
            <line number="539" hits="1" branch="false"/>
            <line number="541" hits="1" branch="false"/>
            <line number="570" hits="0" branch="false"/>
            <line number="573" hits="0" branch="false"/>
            <line number="574" hits="0" branch="false"/>
            <line number="575" hits="0" branch="false"/>
            <line number="578" hits="0" branch="false"/>
            <line number="580" hits="0" branch="false"/>
            <line number="583" hits="0" branch="false"/>
            <line number="584" hits="0" branch="false"/>
            <line number="587" hits="0" branch="false"/>
            <line number="588" hits="0" branch="false"/>
            <line number="591" hits="0" branch="false"/>
            <line number="592" hits="0" branch="false"/>
            <line number="594" hits="0" branch="false"/>
            <line number="596" hits="0" branch="false"/>
            <line number="597" hits="0" branch="false"/>
            <line number="598" hits="0" branch="false"/>
            <line number="600" hits="0" branch="false"/>
            <line number="601" hits="0" branch="false"/>
            <line number="603" hits="0" branch="false"/>
            <line number="604" hits="0" branch="false"/>
            <line number="606" hits="0" branch="false"/>
            <line number="608" hits="0" branch="false"/>
            <line number="672" hits="1" branch="false"/>
            <line number="673" hits="1" branch="false"/>
            <line number="676" hits="1" branch="false"/>
            <line number="679" hits="1" branch="false"/>
            <line number="680" hits="1" branch="false"/>
            <line number="681" hits="1" branch="false"/>
            <line number="682" hits="1" branch="false"/>
            <line number="683" hits="1" branch="false"/>
            <line number="684" hits="1" branch="false"/>
            <line number="686" hits="0" branch="false"/>
            <line number="687" hits="0" branch="false"/>
            <line number="692" hits="1" branch="false"/>
            <line number="695" hits="1" branch="false"/>
            <line number="696" hits="1" branch="false"/>
            <line number="697" hits="1" branch="false"/>
            <line number="698" hits="1" branch="false"/>
            <line number="699" hits="1" branch="false"/>
            <line number="700" hits="1" branch="false"/>
            <line number="703" hits="1" branch="false"/>
            <line number="704" hits="1" branch="false"/>
            <line number="708" hits="1" branch="false"/>
            <line number="709" hits="1" branch="false"/>
            <line number="710" hits="1" branch="false"/>
            <line number="711" hits="1" branch="false"/>
            <line number="712" hits="1" branch="false"/>
            <line number="713" hits="1" branch="false"/>
            <line number="714" hits="1" branch="false"/>
            <line number="716" hits="1" branch="false"/>
            <line number="717" hits="0" branch="false"/>
            <line number="718" hits="0" branch="false"/>
            <line number="719" hits="0" branch="false"/>
            <line number="720" hits="0" branch="false"/>
            <line number="723" hits="1" branch="false"/>
            <line number="725" hits="1" branch="false"/>
            <line number="726" hits="0" branch="false"/>
            <line number="728" hits="0" branch="false"/>
            <line number="729" hits="0" branch="false"/>
            <line number="730" hits="0" branch="false"/>
            <line number="731" hits="0" branch="false"/>
            <line number="732" hits="0" branch="false"/>
            <line number="733" hits="1" branch="false"/>
            <line number="734" hits="0" branch="false"/>
            <line number="735" hits="0" branch="false"/>
            <line number="736" hits="0" branch="false"/>
            <line number="737" hits="0" branch="false"/>
            <line number="738" hits="0" branch="false"/>
            <line number="743" hits="1" branch="false"/>
            <line number="744" hits="0" branch="false"/>
            <line number="746" hits="1" branch="false"/>
            <line number="797" hits="0" branch="false"/>
            <line number="798" hits="0" branch="false"/>
            <line number="799" hits="0" branch="false"/>
            <line number="800" hits="0" branch="false"/>
            <line number="801" hits="0" branch="false"/>
            <line number="802" hits="0" branch="false"/>
            <line number="803" hits="0" branch="false"/>
            <line number="804" hits="0" branch="false"/>
            <line number="805" hits="0" branch="false"/>
            <line number="806" hits="0" branch="false"/>
            <line number="807" hits="0" branch="false"/>
            <line number="808" hits="0" branch="false"/>
            <line number="811" hits="0" branch="false"/>
            <line number="812" hits="0" branch="false"/>
            <line number="813" hits="0" branch="false"/>
            <line number="815" hits="0" branch="false"/>
            <line number="819" hits="0" branch="false"/>
            <line number="820" hits="0" branch="false"/>
            <line number="821" hits="0" branch="false"/>
            <line number="822" hits="0" branch="false"/>
            <line number="823" hits="0" branch="false"/>
            <line number="824" hits="0" branch="false"/>
            <line number="825" hits="0" branch="false"/>
            <line number="826" hits="0" branch="false"/>
            <line number="827" hits="0" branch="false"/>
            <line number="828" hits="0" branch="false"/>
            <line number="829" hits="0" branch="false"/>
            <line number="830" hits="0" branch="false"/>
            <line number="831" hits="0" branch="false"/>
            <line number="832" hits="0" branch="false"/>
            <line number="835" hits="0" branch="false"/>
          </lines>
        </class>
        <class name="prep_coords.R" filename="R/prep_coords.R" line-rate="0.884615384615385" branch-rate="0" complexity="0">
          <methods>
            <method name="big_mark" signature="" line-rate="0.833333333333333" branch-rate="0" complexity="0">
              <lines>
                <line number="19" hits="65" branch="false"/>
                <line number="20" hits="0" branch="false"/>
                <line number="22" hits="65" branch="false"/>
                <line number="23" hits="65" branch="false"/>
                <line number="24" hits="65" branch="false"/>
                <line number="25" hits="65" branch="false"/>
              </lines>
            </method>
            <method name="setup_coord_operation" signature="" line-rate="0.92" branch-rate="0" complexity="0">
              <lines>
                <line number="52" hits="10" branch="false"/>
                <line number="53" hits="0" branch="false"/>
                <line number="54" hits="0" branch="false"/>
                <line number="55" hits="0" branch="false"/>
                <line number="56" hits="0" branch="false"/>
                <line number="60" hits="10" branch="false"/>
                <line number="61" hits="1" branch="false"/>
                <line number="62" hits="1" branch="false"/>
                <line number="63" hits="1" branch="false"/>
                <line number="64" hits="1" branch="false"/>
                <line number="66" hits="9" branch="false"/>
                <line number="67" hits="1" branch="false"/>
                <line number="68" hits="1" branch="false"/>
                <line number="69" hits="1" branch="false"/>
                <line number="70" hits="1" branch="false"/>
                <line number="72" hits="8" branch="false"/>
                <line number="73" hits="1" branch="false"/>
                <line number="74" hits="1" branch="false"/>
                <line number="75" hits="1" branch="false"/>
                <line number="76" hits="1" branch="false"/>
                <line number="78" hits="7" branch="false"/>
                <line number="79" hits="1" branch="false"/>
                <line number="80" hits="1" branch="false"/>
                <line number="81" hits="1" branch="false"/>
                <line number="82" hits="1" branch="false"/>
                <line number="86" hits="6" branch="false"/>
                <line number="87" hits="6" branch="false"/>
                <line number="88" hits="6" branch="false"/>
                <line number="89" hits="6" branch="false"/>
                <line number="90" hits="6" branch="false"/>
                <line number="91" hits="6" branch="false"/>
                <line number="92" hits="6" branch="false"/>
                <line number="94" hits="6" branch="false"/>
                <line number="95" hits="6" branch="false"/>
                <line number="96" hits="6" branch="false"/>
                <line number="97" hits="6" branch="false"/>
                <line number="98" hits="6" branch="false"/>
                <line number="99" hits="6" branch="false"/>
                <line number="100" hits="6" branch="false"/>
                <line number="103" hits="6" branch="false"/>
                <line number="104" hits="6" branch="false"/>
                <line number="105" hits="6" branch="false"/>
                <line number="106" hits="6" branch="false"/>
                <line number="107" hits="6" branch="false"/>
                <line number="108" hits="6" branch="false"/>
                <line number="109" hits="6" branch="false"/>
                <line number="110" hits="6" branch="false"/>
                <line number="111" hits="6" branch="false"/>
                <line number="112" hits="6" branch="false"/>
                <line number="114" hits="6" branch="false"/>
              </lines>
            </method>
            <method name="check_coord_flip" signature="" line-rate="0.876923076923077" branch-rate="0" complexity="0">
              <lines>
                <line number="133" hits="10" branch="false"/>
                <line number="134" hits="0" branch="false"/>
                <line number="135" hits="0" branch="false"/>
                <line number="136" hits="0" branch="false"/>
                <line number="137" hits="0" branch="false"/>
                <line number="140" hits="10" branch="false"/>
                <line number="141" hits="10" branch="false"/>
                <line number="142" hits="10" branch="false"/>
                <line number="143" hits="10" branch="false"/>
                <line number="146" hits="6" branch="false"/>
                <line number="147" hits="0" branch="false"/>
                <line number="148" hits="0" branch="false"/>
                <line number="149" hits="0" branch="false"/>
                <line number="150" hits="0" branch="false"/>
                <line number="153" hits="6" branch="false"/>
                <line number="155" hits="6" branch="false"/>
                <line number="156" hits="6" branch="false"/>
                <line number="157" hits="6" branch="false"/>
                <line number="158" hits="6" branch="false"/>
                <line number="159" hits="6" branch="false"/>
                <line number="160" hits="6" branch="false"/>
                <line number="161" hits="6" branch="false"/>
                <line number="162" hits="6" branch="false"/>
                <line number="163" hits="6" branch="false"/>
                <line number="164" hits="6" branch="false"/>
                <line number="165" hits="6" branch="false"/>
                <line number="166" hits="6" branch="false"/>
                <line number="167" hits="6" branch="false"/>
                <line number="168" hits="6" branch="false"/>
                <line number="169" hits="6" branch="false"/>
                <line number="170" hits="6" branch="false"/>
                <line number="171" hits="6" branch="false"/>
                <line number="172" hits="6" branch="false"/>
                <line number="173" hits="6" branch="false"/>
                <line number="174" hits="6" branch="false"/>
                <line number="175" hits="6" branch="false"/>
                <line number="176" hits="6" branch="false"/>
                <line number="177" hits="6" branch="false"/>
                <line number="178" hits="6" branch="false"/>
                <line number="179" hits="6" branch="false"/>
                <line number="180" hits="6" branch="false"/>
                <line number="181" hits="6" branch="false"/>
                <line number="182" hits="6" branch="false"/>
                <line number="183" hits="6" branch="false"/>
                <line number="184" hits="6" branch="false"/>
                <line number="185" hits="6" branch="false"/>
                <line number="186" hits="6" branch="false"/>
                <line number="187" hits="6" branch="false"/>
                <line number="188" hits="6" branch="false"/>
                <line number="189" hits="6" branch="false"/>
                <line number="190" hits="6" branch="false"/>
                <line number="191" hits="6" branch="false"/>
                <line number="192" hits="6" branch="false"/>
                <line number="193" hits="6" branch="false"/>
                <line number="194" hits="6" branch="false"/>
                <line number="197" hits="6" branch="false"/>
                <line number="198" hits="6" branch="false"/>
                <line number="201" hits="6" branch="false"/>
                <line number="202" hits="2" branch="false"/>
                <line number="203" hits="2" branch="false"/>
                <line number="204" hits="2" branch="false"/>
                <line number="205" hits="2" branch="false"/>
                <line number="206" hits="2" branch="false"/>
                <line number="208" hits="4" branch="false"/>
                <line number="211" hits="6" branch="false"/>
              </lines>
            </method>
            <method name="calculate_distance" signature="" line-rate="1" branch-rate="0" complexity="0">
              <lines>
                <line number="248" hits="12" branch="false"/>
                <line number="251" hits="12" branch="false"/>
                <line number="252" hits="12" branch="false"/>
                <line number="255" hits="12" branch="false"/>
                <line number="258" hits="12" branch="false"/>
                <line number="261" hits="12" branch="false"/>
                <line number="262" hits="12" branch="false"/>
                <line number="263" hits="6" branch="false"/>
                <line number="264" hits="6" branch="false"/>
                <line number="265" hits="6" branch="false"/>
                <line number="266" hits="6" branch="false"/>
                <line number="269" hits="12" branch="false"/>
              </lines>
            </method>
            <method name="check_land_water" signature="" line-rate="1" branch-rate="0" complexity="0">
              <lines>
                <line number="306" hits="12" branch="false"/>
                <line number="309" hits="12" branch="false"/>
                <line number="310" hits="12" branch="false"/>
                <line number="313" hits="12" branch="false"/>
                <line number="316" hits="12" branch="false"/>
                <line number="319" hits="12" branch="false"/>
                <line number="320" hits="12" branch="false"/>
                <line number="321" hits="12" branch="false"/>
                <line number="322" hits="12" branch="false"/>
                <line number="323" hits="12" branch="false"/>
                <line number="326" hits="12" branch="false"/>
                <line number="328" hits="12" branch="false"/>
                <line number="329" hits="12" branch="false"/>
                <line number="331" hits="12" branch="false"/>
                <line number="334" hits="12" branch="false"/>
                <line number="335" hits="12" branch="false"/>
                <line number="338" hits="12" branch="false"/>
                <line number="339" hits="12" branch="false"/>
                <line number="340" hits="12" branch="false"/>
                <line number="341" hits="12" branch="false"/>
                <line number="342" hits="12" branch="false"/>
                <line number="345" hits="12" branch="false"/>
                <line number="348" hits="12" branch="false"/>
              </lines>
            </method>
            <method name="check_coords" signature="" line-rate="0.852842809364548" branch-rate="0" complexity="0">
              <lines>
                <line number="396" hits="5" branch="false"/>
                <line number="398" hits="5" branch="false"/>
                <line number="399" hits="5" branch="false"/>
                <line number="400" hits="5" branch="false"/>
                <line number="401" hits="5" branch="false"/>
                <line number="403" hits="5" branch="false"/>
                <line number="405" hits="5" branch="false"/>
                <line number="406" hits="5" branch="false"/>
                <line number="409" hits="5" branch="false"/>
                <line number="410" hits="5" branch="false"/>
                <line number="411" hits="5" branch="false"/>
                <line number="412" hits="5" branch="false"/>
                <line number="413" hits="5" branch="false"/>
                <line number="417" hits="5" branch="false"/>
                <line number="418" hits="5" branch="false"/>
                <line number="419" hits="5" branch="false"/>
                <line number="422" hits="5" branch="false"/>
                <line number="423" hits="5" branch="false"/>
                <line number="424" hits="5" branch="false"/>
                <line number="425" hits="5" branch="false"/>
                <line number="426" hits="5" branch="false"/>
                <line number="427" hits="5" branch="false"/>
                <line number="429" hits="5" branch="false"/>
                <line number="431" hits="5" branch="false"/>
                <line number="432" hits="5" branch="false"/>
                <line number="433" hits="3" branch="false"/>
                <line number="434" hits="3" branch="false"/>
                <line number="435" hits="3" branch="false"/>
                <line number="436" hits="3" branch="false"/>
                <line number="437" hits="3" branch="false"/>
                <line number="438" hits="3" branch="false"/>
                <line number="440" hits="2" branch="false"/>
                <line number="444" hits="5" branch="false"/>
                <line number="445" hits="5" branch="false"/>
                <line number="446" hits="5" branch="false"/>
                <line number="447" hits="5" branch="false"/>
                <line number="448" hits="5" branch="false"/>
                <line number="449" hits="5" branch="false"/>
                <line number="450" hits="5" branch="false"/>
                <line number="451" hits="5" branch="false"/>
                <line number="452" hits="5" branch="false"/>
                <line number="453" hits="5" branch="false"/>
                <line number="454" hits="5" branch="false"/>
                <line number="455" hits="5" branch="false"/>
                <line number="456" hits="5" branch="false"/>
                <line number="457" hits="5" branch="false"/>
                <line number="458" hits="5" branch="false"/>
                <line number="459" hits="5" branch="false"/>
                <line number="460" hits="5" branch="false"/>
                <line number="463" hits="5" branch="false"/>
                <line number="464" hits="5" branch="false"/>
                <line number="465" hits="5" branch="false"/>
                <line number="467" hits="5" branch="false"/>
                <line number="468" hits="5" branch="false"/>
                <line number="469" hits="5" branch="false"/>
                <line number="470" hits="5" branch="false"/>
                <line number="471" hits="5" branch="false"/>
                <line number="472" hits="5" branch="false"/>
                <line number="473" hits="5" branch="false"/>
                <line number="475" hits="5" branch="false"/>
                <line number="476" hits="5" branch="false"/>
                <line number="477" hits="5" branch="false"/>
                <line number="478" hits="5" branch="false"/>
                <line number="479" hits="5" branch="false"/>
                <line number="480" hits="5" branch="false"/>
                <line number="481" hits="5" branch="false"/>
                <line number="482" hits="5" branch="false"/>
                <line number="485" hits="5" branch="false"/>
                <line number="487" hits="5" branch="false"/>
                <line number="488" hits="5" branch="false"/>
                <line number="489" hits="2" branch="false"/>
                <line number="490" hits="2" branch="false"/>
                <line number="491" hits="2" branch="false"/>
                <line number="492" hits="2" branch="false"/>
                <line number="493" hits="2" branch="false"/>
                <line number="494" hits="2" branch="false"/>
                <line number="496" hits="3" branch="false"/>
                <line number="497" hits="3" branch="false"/>
                <line number="498" hits="3" branch="false"/>
                <line number="499" hits="3" branch="false"/>
                <line number="500" hits="3" branch="false"/>
                <line number="501" hits="3" branch="false"/>
                <line number="502" hits="3" branch="false"/>
                <line number="506" hits="5" branch="false"/>
                <line number="507" hits="5" branch="false"/>
                <line number="508" hits="5" branch="false"/>
                <line number="509" hits="5" branch="false"/>
                <line number="510" hits="5" branch="false"/>
                <line number="511" hits="5" branch="false"/>
                <line number="513" hits="5" branch="false"/>
                <line number="515" hits="5" branch="false"/>
                <line number="516" hits="5" branch="false"/>
                <line number="517" hits="0" branch="false"/>
                <line number="518" hits="0" branch="false"/>
                <line number="519" hits="0" branch="false"/>
                <line number="520" hits="0" branch="false"/>
                <line number="521" hits="0" branch="false"/>
                <line number="522" hits="0" branch="false"/>
                <line number="523" hits="0" branch="false"/>
                <line number="524" hits="0" branch="false"/>
                <line number="526" hits="5" branch="false"/>
                <line number="527" hits="5" branch="false"/>
                <line number="528" hits="5" branch="false"/>
                <line number="529" hits="5" branch="false"/>
                <line number="530" hits="5" branch="false"/>
                <line number="531" hits="5" branch="false"/>
                <line number="532" hits="5" branch="false"/>
                <line number="533" hits="5" branch="false"/>
                <line number="537" hits="5" branch="false"/>
                <line number="538" hits="5" branch="false"/>
                <line number="539" hits="5" branch="false"/>
                <line number="540" hits="5" branch="false"/>
                <line number="541" hits="5" branch="false"/>
                <line number="542" hits="5" branch="false"/>
                <line number="543" hits="5" branch="false"/>
                <line number="544" hits="5" branch="false"/>
                <line number="545" hits="5" branch="false"/>
                <line number="546" hits="5" branch="false"/>
                <line number="547" hits="5" branch="false"/>
                <line number="548" hits="5" branch="false"/>
                <line number="550" hits="5" branch="false"/>
                <line number="552" hits="5" branch="false"/>
                <line number="553" hits="5" branch="false"/>
                <line number="554" hits="0" branch="false"/>
                <line number="555" hits="0" branch="false"/>
                <line number="556" hits="0" branch="false"/>
                <line number="557" hits="0" branch="false"/>
                <line number="558" hits="0" branch="false"/>
                <line number="559" hits="0" branch="false"/>
                <line number="561" hits="5" branch="false"/>
                <line number="562" hits="5" branch="false"/>
                <line number="563" hits="5" branch="false"/>
                <line number="564" hits="5" branch="false"/>
                <line number="565" hits="5" branch="false"/>
                <line number="566" hits="5" branch="false"/>
                <line number="570" hits="5" branch="false"/>
                <line number="571" hits="5" branch="false"/>
                <line number="572" hits="5" branch="false"/>
                <line number="573" hits="5" branch="false"/>
                <line number="574" hits="5" branch="false"/>
                <line number="576" hits="5" branch="false"/>
                <line number="578" hits="5" branch="false"/>
                <line number="579" hits="5" branch="false"/>
                <line number="580" hits="0" branch="false"/>
                <line number="581" hits="0" branch="false"/>
                <line number="582" hits="0" branch="false"/>
                <line number="583" hits="0" branch="false"/>
                <line number="584" hits="0" branch="false"/>
                <line number="585" hits="0" branch="false"/>
                <line number="587" hits="5" branch="false"/>
                <line number="592" hits="5" branch="false"/>
                <line number="593" hits="3" branch="false"/>
                <line number="594" hits="0" branch="false"/>
                <line number="595" hits="0" branch="false"/>
                <line number="596" hits="0" branch="false"/>
                <line number="597" hits="0" branch="false"/>
                <line number="598" hits="3" branch="false"/>
                <line number="599" hits="0" branch="false"/>
                <line number="600" hits="0" branch="false"/>
                <line number="601" hits="0" branch="false"/>
                <line number="602" hits="0" branch="false"/>
                <line number="606" hits="5" branch="false"/>
                <line number="607" hits="3" branch="false"/>
                <line number="608" hits="3" branch="false"/>
                <line number="609" hits="3" branch="false"/>
                <line number="610" hits="3" branch="false"/>
                <line number="611" hits="3" branch="false"/>
                <line number="612" hits="3" branch="false"/>
                <line number="613" hits="3" branch="false"/>
                <line number="614" hits="3" branch="false"/>
                <line number="615" hits="3" branch="false"/>
                <line number="616" hits="3" branch="false"/>
                <line number="617" hits="3" branch="false"/>
                <line number="618" hits="3" branch="false"/>
                <line number="619" hits="3" branch="false"/>
                <line number="620" hits="3" branch="false"/>
                <line number="622" hits="3" branch="false"/>
                <line number="623" hits="3" branch="false"/>
                <line number="624" hits="3" branch="false"/>
                <line number="625" hits="0" branch="false"/>
                <line number="626" hits="0" branch="false"/>
                <line number="627" hits="0" branch="false"/>
                <line number="628" hits="0" branch="false"/>
                <line number="629" hits="0" branch="false"/>
                <line number="630" hits="0" branch="false"/>
                <line number="631" hits="0" branch="false"/>
                <line number="632" hits="3" branch="false"/>
                <line number="633" hits="3" branch="false"/>
                <line number="634" hits="3" branch="false"/>
                <line number="635" hits="3" branch="false"/>
                <line number="636" hits="3" branch="false"/>
                <line number="637" hits="0" branch="false"/>
                <line number="638" hits="0" branch="false"/>
                <line number="639" hits="3" branch="false"/>
                <line number="640" hits="3" branch="false"/>
                <line number="643" hits="5" branch="false"/>
                <line number="644" hits="5" branch="false"/>
                <line number="645" hits="5" branch="false"/>
                <line number="646" hits="5" branch="false"/>
                <line number="647" hits="5" branch="false"/>
                <line number="649" hits="5" branch="false"/>
                <line number="650" hits="5" branch="false"/>
                <line number="651" hits="5" branch="false"/>
                <line number="652" hits="5" branch="false"/>
                <line number="653" hits="5" branch="false"/>
                <line number="655" hits="5" branch="false"/>
                <line number="656" hits="0" branch="false"/>
                <line number="658" hits="5" branch="false"/>
                <line number="659" hits="5" branch="false"/>
                <line number="660" hits="5" branch="false"/>
                <line number="661" hits="5" branch="false"/>
                <line number="662" hits="5" branch="false"/>
                <line number="663" hits="5" branch="false"/>
                <line number="668" hits="5" branch="false"/>
                <line number="669" hits="5" branch="false"/>
                <line number="670" hits="5" branch="false"/>
                <line number="671" hits="5" branch="false"/>
                <line number="672" hits="5" branch="false"/>
                <line number="674" hits="5" branch="false"/>
                <line number="675" hits="3" branch="false"/>
                <line number="676" hits="3" branch="false"/>
                <line number="677" hits="1" branch="false"/>
[...]
            <line number="1452" hits="0" branch="false"/>
            <line number="1453" hits="0" branch="false"/>
            <line number="1455" hits="0" branch="false"/>
            <line number="1498" hits="0" branch="false"/>
            <line number="1500" hits="0" branch="false"/>
            <line number="1501" hits="0" branch="false"/>
            <line number="1502" hits="0" branch="false"/>
            <line number="1503" hits="0" branch="false"/>
            <line number="1505" hits="0" branch="false"/>
            <line number="1506" hits="0" branch="false"/>
            <line number="1507" hits="0" branch="false"/>
            <line number="1508" hits="0" branch="false"/>
            <line number="1509" hits="0" branch="false"/>
            <line number="1510" hits="0" branch="false"/>
            <line number="1511" hits="0" branch="false"/>
            <line number="1512" hits="0" branch="false"/>
            <line number="1515" hits="0" branch="false"/>
            <line number="1516" hits="0" branch="false"/>
            <line number="1517" hits="0" branch="false"/>
            <line number="1518" hits="0" branch="false"/>
            <line number="1519" hits="0" branch="false"/>
            <line number="1521" hits="0" branch="false"/>
            <line number="1522" hits="0" branch="false"/>
            <line number="1524" hits="0" branch="false"/>
            <line number="1525" hits="0" branch="false"/>
            <line number="1526" hits="0" branch="false"/>
            <line number="1528" hits="0" branch="false"/>
            <line number="1529" hits="0" branch="false"/>
            <line number="1530" hits="0" branch="false"/>
            <line number="1531" hits="0" branch="false"/>
            <line number="1532" hits="0" branch="false"/>
            <line number="1533" hits="0" branch="false"/>
            <line number="1534" hits="0" branch="false"/>
            <line number="1535" hits="0" branch="false"/>
            <line number="1536" hits="0" branch="false"/>
            <line number="1537" hits="0" branch="false"/>
            <line number="1538" hits="0" branch="false"/>
            <line number="1539" hits="0" branch="false"/>
            <line number="1540" hits="0" branch="false"/>
            <line number="1541" hits="0" branch="false"/>
            <line number="1542" hits="0" branch="false"/>
            <line number="1543" hits="0" branch="false"/>
            <line number="1544" hits="0" branch="false"/>
            <line number="1545" hits="0" branch="false"/>
            <line number="1546" hits="0" branch="false"/>
            <line number="1547" hits="0" branch="false"/>
            <line number="1548" hits="0" branch="false"/>
            <line number="1549" hits="0" branch="false"/>
            <line number="1550" hits="0" branch="false"/>
            <line number="1551" hits="0" branch="false"/>
            <line number="1552" hits="0" branch="false"/>
            <line number="1553" hits="0" branch="false"/>
            <line number="1554" hits="0" branch="false"/>
            <line number="1555" hits="0" branch="false"/>
            <line number="1556" hits="0" branch="false"/>
            <line number="1557" hits="0" branch="false"/>
            <line number="1558" hits="0" branch="false"/>
            <line number="1559" hits="0" branch="false"/>
            <line number="1560" hits="0" branch="false"/>
            <line number="1562" hits="0" branch="false"/>
            <line number="1563" hits="0" branch="false"/>
            <line number="1564" hits="0" branch="false"/>
            <line number="1565" hits="0" branch="false"/>
            <line number="1566" hits="0" branch="false"/>
            <line number="1567" hits="0" branch="false"/>
            <line number="1568" hits="0" branch="false"/>
            <line number="1569" hits="0" branch="false"/>
            <line number="1570" hits="0" branch="false"/>
            <line number="1571" hits="0" branch="false"/>
            <line number="1572" hits="0" branch="false"/>
            <line number="1575" hits="0" branch="false"/>
            <line number="1666" hits="0" branch="false"/>
            <line number="1668" hits="0" branch="false"/>
            <line number="1669" hits="0" branch="false"/>
            <line number="1670" hits="0" branch="false"/>
            <line number="1671" hits="0" branch="false"/>
            <line number="1673" hits="0" branch="false"/>
            <line number="1674" hits="0" branch="false"/>
            <line number="1675" hits="0" branch="false"/>
            <line number="1676" hits="0" branch="false"/>
            <line number="1677" hits="0" branch="false"/>
            <line number="1678" hits="0" branch="false"/>
            <line number="1679" hits="0" branch="false"/>
            <line number="1680" hits="0" branch="false"/>
            <line number="1684" hits="0" branch="false"/>
            <line number="1685" hits="0" branch="false"/>
            <line number="1686" hits="0" branch="false"/>
            <line number="1687" hits="0" branch="false"/>
            <line number="1688" hits="0" branch="false"/>
            <line number="1689" hits="0" branch="false"/>
            <line number="1690" hits="0" branch="false"/>
            <line number="1691" hits="0" branch="false"/>
            <line number="1692" hits="0" branch="false"/>
            <line number="1693" hits="0" branch="false"/>
            <line number="1694" hits="0" branch="false"/>
            <line number="1695" hits="0" branch="false"/>
            <line number="1696" hits="0" branch="false"/>
            <line number="1697" hits="0" branch="false"/>
            <line number="1698" hits="0" branch="false"/>
            <line number="1699" hits="0" branch="false"/>
            <line number="1700" hits="0" branch="false"/>
            <line number="1701" hits="0" branch="false"/>
            <line number="1702" hits="0" branch="false"/>
            <line number="1703" hits="0" branch="false"/>
            <line number="1704" hits="0" branch="false"/>
            <line number="1705" hits="0" branch="false"/>
            <line number="1706" hits="0" branch="false"/>
            <line number="1707" hits="0" branch="false"/>
            <line number="1708" hits="0" branch="false"/>
            <line number="1709" hits="0" branch="false"/>
            <line number="1710" hits="0" branch="false"/>
            <line number="1711" hits="0" branch="false"/>
            <line number="1712" hits="0" branch="false"/>
            <line number="1713" hits="0" branch="false"/>
            <line number="1714" hits="0" branch="false"/>
            <line number="1715" hits="0" branch="false"/>
            <line number="1716" hits="0" branch="false"/>
            <line number="1717" hits="0" branch="false"/>
            <line number="1718" hits="0" branch="false"/>
            <line number="1720" hits="0" branch="false"/>
            <line number="1721" hits="0" branch="false"/>
            <line number="1722" hits="0" branch="false"/>
            <line number="1723" hits="0" branch="false"/>
            <line number="1724" hits="0" branch="false"/>
            <line number="1728" hits="0" branch="false"/>
            <line number="1729" hits="0" branch="false"/>
            <line number="1730" hits="0" branch="false"/>
            <line number="1731" hits="0" branch="false"/>
            <line number="1732" hits="0" branch="false"/>
            <line number="1733" hits="0" branch="false"/>
            <line number="1734" hits="0" branch="false"/>
            <line number="1735" hits="0" branch="false"/>
            <line number="1736" hits="0" branch="false"/>
            <line number="1737" hits="0" branch="false"/>
            <line number="1738" hits="0" branch="false"/>
            <line number="1739" hits="0" branch="false"/>
            <line number="1740" hits="0" branch="false"/>
            <line number="1741" hits="0" branch="false"/>
            <line number="1742" hits="0" branch="false"/>
            <line number="1743" hits="0" branch="false"/>
            <line number="1744" hits="0" branch="false"/>
            <line number="1745" hits="0" branch="false"/>
            <line number="1746" hits="0" branch="false"/>
            <line number="1747" hits="0" branch="false"/>
            <line number="1748" hits="0" branch="false"/>
            <line number="1749" hits="0" branch="false"/>
            <line number="1750" hits="0" branch="false"/>
            <line number="1751" hits="0" branch="false"/>
            <line number="1752" hits="0" branch="false"/>
            <line number="1753" hits="0" branch="false"/>
            <line number="1754" hits="0" branch="false"/>
            <line number="1755" hits="0" branch="false"/>
            <line number="1756" hits="0" branch="false"/>
            <line number="1757" hits="0" branch="false"/>
            <line number="1758" hits="0" branch="false"/>
            <line number="1759" hits="0" branch="false"/>
            <line number="1760" hits="0" branch="false"/>
            <line number="1761" hits="0" branch="false"/>
            <line number="1762" hits="0" branch="false"/>
            <line number="1763" hits="0" branch="false"/>
            <line number="1764" hits="0" branch="false"/>
            <line number="1767" hits="0" branch="false"/>
            <line number="1768" hits="0" branch="false"/>
            <line number="1769" hits="0" branch="false"/>
            <line number="1770" hits="0" branch="false"/>
            <line number="1771" hits="0" branch="false"/>
            <line number="1772" hits="0" branch="false"/>
            <line number="1774" hits="0" branch="false"/>
            <line number="1775" hits="0" branch="false"/>
            <line number="1776" hits="0" branch="false"/>
            <line number="1777" hits="0" branch="false"/>
            <line number="1778" hits="0" branch="false"/>
            <line number="1782" hits="0" branch="false"/>
            <line number="1783" hits="0" branch="false"/>
            <line number="1784" hits="0" branch="false"/>
            <line number="1785" hits="0" branch="false"/>
            <line number="1786" hits="0" branch="false"/>
            <line number="1787" hits="0" branch="false"/>
            <line number="1788" hits="0" branch="false"/>
            <line number="1789" hits="0" branch="false"/>
            <line number="1790" hits="0" branch="false"/>
            <line number="1791" hits="0" branch="false"/>
            <line number="1792" hits="0" branch="false"/>
            <line number="1793" hits="0" branch="false"/>
            <line number="1794" hits="0" branch="false"/>
            <line number="1796" hits="0" branch="false"/>
            <line number="1797" hits="0" branch="false"/>
            <line number="1798" hits="0" branch="false"/>
            <line number="1799" hits="0" branch="false"/>
            <line number="1800" hits="0" branch="false"/>
            <line number="1801" hits="0" branch="false"/>
            <line number="1802" hits="0" branch="false"/>
            <line number="1803" hits="0" branch="false"/>
            <line number="1805" hits="0" branch="false"/>
            <line number="1806" hits="0" branch="false"/>
            <line number="1807" hits="0" branch="false"/>
            <line number="1808" hits="0" branch="false"/>
            <line number="1809" hits="0" branch="false"/>
            <line number="1810" hits="0" branch="false"/>
            <line number="1811" hits="0" branch="false"/>
            <line number="1813" hits="0" branch="false"/>
            <line number="1814" hits="0" branch="false"/>
            <line number="1815" hits="0" branch="false"/>
            <line number="1818" hits="0" branch="false"/>
            <line number="1819" hits="0" branch="false"/>
            <line number="1821" hits="0" branch="false"/>
            <line number="1822" hits="0" branch="false"/>
            <line number="1824" hits="0" branch="false"/>
            <line number="1826" hits="0" branch="false"/>
            <line number="1828" hits="0" branch="false"/>
            <line number="1831" hits="0" branch="false"/>
            <line number="1872" hits="0" branch="false"/>
            <line number="1873" hits="0" branch="false"/>
            <line number="1874" hits="0" branch="false"/>
            <line number="1875" hits="0" branch="false"/>
            <line number="1877" hits="0" branch="false"/>
            <line number="1878" hits="0" branch="false"/>
            <line number="1881" hits="0" branch="false"/>
            <line number="1882" hits="0" branch="false"/>
            <line number="1883" hits="0" branch="false"/>
            <line number="1884" hits="0" branch="false"/>
            <line number="1885" hits="0" branch="false"/>
            <line number="1887" hits="0" branch="false"/>
            <line number="1888" hits="0" branch="false"/>
            <line number="1889" hits="0" branch="false"/>
            <line number="1890" hits="0" branch="false"/>
            <line number="1892" hits="0" branch="false"/>
            <line number="1894" hits="0" branch="false"/>
            <line number="1895" hits="0" branch="false"/>
            <line number="1898" hits="0" branch="false"/>
            <line number="1899" hits="0" branch="false"/>
            <line number="1900" hits="0" branch="false"/>
            <line number="1901" hits="0" branch="false"/>
            <line number="1902" hits="0" branch="false"/>
            <line number="1904" hits="0" branch="false"/>
            <line number="1905" hits="0" branch="false"/>
            <line number="1906" hits="0" branch="false"/>
            <line number="1907" hits="0" branch="false"/>
            <line number="1908" hits="0" branch="false"/>
            <line number="1909" hits="0" branch="false"/>
            <line number="1910" hits="0" branch="false"/>
            <line number="1911" hits="0" branch="false"/>
            <line number="1912" hits="0" branch="false"/>
            <line number="1913" hits="0" branch="false"/>
            <line number="1914" hits="0" branch="false"/>
            <line number="1915" hits="0" branch="false"/>
            <line number="1917" hits="0" branch="false"/>
            <line number="1918" hits="0" branch="false"/>
            <line number="1919" hits="0" branch="false"/>
            <line number="1920" hits="0" branch="false"/>
            <line number="1921" hits="0" branch="false"/>
            <line number="1922" hits="0" branch="false"/>
            <line number="1923" hits="0" branch="false"/>
            <line number="1924" hits="0" branch="false"/>
            <line number="1925" hits="0" branch="false"/>
            <line number="1926" hits="0" branch="false"/>
            <line number="1927" hits="0" branch="false"/>
            <line number="1928" hits="0" branch="false"/>
            <line number="1930" hits="0" branch="false"/>
            <line number="1931" hits="0" branch="false"/>
            <line number="1932" hits="0" branch="false"/>
            <line number="1933" hits="0" branch="false"/>
            <line number="1934" hits="0" branch="false"/>
            <line number="1935" hits="0" branch="false"/>
            <line number="1936" hits="0" branch="false"/>
            <line number="1937" hits="0" branch="false"/>
            <line number="1939" hits="0" branch="false"/>
            <line number="1941" hits="0" branch="false"/>
            <line number="2035" hits="0" branch="false"/>
            <line number="2036" hits="0" branch="false"/>
            <line number="2037" hits="0" branch="false"/>
            <line number="2039" hits="0" branch="false"/>
            <line number="2040" hits="0" branch="false"/>
            <line number="2041" hits="0" branch="false"/>
            <line number="2042" hits="0" branch="false"/>
            <line number="2044" hits="0" branch="false"/>
            <line number="2045" hits="0" branch="false"/>
            <line number="2046" hits="0" branch="false"/>
            <line number="2047" hits="0" branch="false"/>
            <line number="2048" hits="0" branch="false"/>
            <line number="2049" hits="0" branch="false"/>
            <line number="2050" hits="0" branch="false"/>
            <line number="2051" hits="0" branch="false"/>
            <line number="2055" hits="0" branch="false"/>
            <line number="2056" hits="0" branch="false"/>
            <line number="2057" hits="0" branch="false"/>
            <line number="2058" hits="0" branch="false"/>
            <line number="2059" hits="0" branch="false"/>
            <line number="2060" hits="0" branch="false"/>
            <line number="2062" hits="0" branch="false"/>
            <line number="2063" hits="0" branch="false"/>
            <line number="2064" hits="0" branch="false"/>
            <line number="2065" hits="0" branch="false"/>
            <line number="2066" hits="0" branch="false"/>
            <line number="2069" hits="0" branch="false"/>
            <line number="2070" hits="0" branch="false"/>
            <line number="2071" hits="0" branch="false"/>
            <line number="2072" hits="0" branch="false"/>
            <line number="2073" hits="0" branch="false"/>
            <line number="2074" hits="0" branch="false"/>
            <line number="2075" hits="0" branch="false"/>
            <line number="2076" hits="0" branch="false"/>
            <line number="2077" hits="0" branch="false"/>
            <line number="2078" hits="0" branch="false"/>
            <line number="2079" hits="0" branch="false"/>
            <line number="2080" hits="0" branch="false"/>
            <line number="2081" hits="0" branch="false"/>
            <line number="2084" hits="0" branch="false"/>
            <line number="2085" hits="0" branch="false"/>
            <line number="2086" hits="0" branch="false"/>
            <line number="2087" hits="0" branch="false"/>
            <line number="2088" hits="0" branch="false"/>
            <line number="2090" hits="0" branch="false"/>
            <line number="2091" hits="0" branch="false"/>
            <line number="2092" hits="0" branch="false"/>
            <line number="2093" hits="0" branch="false"/>
            <line number="2094" hits="0" branch="false"/>
            <line number="2095" hits="0" branch="false"/>
            <line number="2096" hits="0" branch="false"/>
            <line number="2097" hits="0" branch="false"/>
            <line number="2099" hits="0" branch="false"/>
            <line number="2100" hits="0" branch="false"/>
            <line number="2101" hits="0" branch="false"/>
            <line number="2102" hits="0" branch="false"/>
            <line number="2103" hits="0" branch="false"/>
            <line number="2104" hits="0" branch="false"/>
            <line number="2105" hits="0" branch="false"/>
            <line number="2107" hits="0" branch="false"/>
            <line number="2109" hits="0" branch="false"/>
            <line number="2110" hits="0" branch="false"/>
            <line number="2111" hits="0" branch="false"/>
            <line number="2114" hits="0" branch="false"/>
            <line number="2116" hits="0" branch="false"/>
            <line number="2117" hits="0" branch="false"/>
            <line number="2118" hits="0" branch="false"/>
            <line number="2120" hits="0" branch="false"/>
            <line number="2121" hits="0" branch="false"/>
            <line number="2123" hits="0" branch="false"/>
            <line number="2125" hits="0" branch="false"/>
            <line number="2127" hits="0" branch="false"/>
            <line number="2129" hits="0" branch="false"/>
            <line number="2130" hits="0" branch="false"/>
            <line number="2134" hits="0" branch="false"/>
          </lines>
        </class>
      </classes>
    </package>
  </packages>
</coverage>
